2026-03-18 15:42:28,614 - DEBUG    - [processor.py:139]processor.format_outputs_for_html - Last saved input_message: IQ scores

Medium Lead level: 72,89,92,85,89,97,83,92,95,111,91

High Lead level: n_2 = 11, \bar{x_2} = 89.912, s_2 = 9.528

Listen in the data table are IQ scores for a random sample of subjects with medium lead levels in their blood. Also listed are statistics from a study done of IQ scores for a random sample of subjects with high lead levels. Assume that the two samples are independent simple random samples selected from normally distributed populations. Do not assume that the population standard deviation are equal.  

a. use a 0.05 significance level to test the claim that the mean IQ scores for subjects with medium lead levels is higher than the mean for subjects with high lead levels.

What are the null and alternative hypotheses? Assume that population 1 consists of subjects with medium lead levels and population 2 consists of  subjects with high lead levels.

H_0: \mu_1 = \mu_2
H_1: \mu_1 > \mu_2

The test statistic is 0.155. 

What is the confidence interval?
2026-03-18 15:42:28,614 - DEBUG    - [processor.py:143]processor.format_outputs_for_html - Last saved chat_completion_message: [Answer]
The confidence interval is \([-8.352, 9.618]\).

[Step-by-step solution]
The step-by-step solution.

We need to test the claim that the mean IQ scores for subjects with medium lead levels is higher than the mean for subjects with high lead levels, and we will calculate the confidence interval for the difference in mean IQ scores. To do this, we will use a two-sample t-test for independent samples.

### Given Data
- IQ scores for medium lead level group: \(72, 89, 92, 85, 89, 97, 83, 92, 95, 111, 91\)
- For high lead level group: \(n_2 = 11, \bar{x}_2 = 89.912, s_2 = 9.528\)

### Steps to Solve the Problem

1. **Compute the sample mean (\(\bar{x}_1\)) and sample standard deviation (\(s_1\)) for the medium lead level group:**
   - Sample mean (\(\bar{x}_1\)) can be calculated as:
   \[
   \bar{x}_1 = \frac{1}{n_1} \sum_{i=1}^{n_1} x_i
   \]
   - Substituting the given values:
   \[
   \bar{x}_1 = \frac{72 + 89 + 92 + 85 + 89 + 97 + 83 + 92 + 95 + 111 + 91}{11} = \frac{996}{11} = 90.545
   \]
   
   - Sample standard deviation (\(s_1\)) can be calculated as:
   \[
   s_1 = \sqrt{\frac{1}{n_1 - 1} \sum_{i=1}^{n_1} (x_i - \bar{x}_1)^2}
   \]
   - Substituting the values:
   \[
   s_1 = \sqrt{\frac{1}{10} \sum_{i=1}^{11} (x_i - 90.545)^2} \approx 10.41
   \]

2. **Compute the standard error (SE) for the difference of means:**
   \[
   SE = \sqrt{\frac{s_1^2}{n_1} + \frac{s_2^2}{n_2}}
   \]
   - Substituting the given and calculated values:
   \[
   SE = \sqrt{\frac{10.41^2}{11} + \frac{9.528^2}{11}} \approx 4.31
   \]

3. **Determine the degrees of freedom (df):**
   - Using the formula:
   \[
   df \approx \frac{\left(\frac{s_1^2}{n_1} + \frac{s_2^2}{n_2}\right)^2}{\frac{(\frac{s_1^2}{n_1})^2}{n_1 - 1} + \frac{(\frac{s_2^2}{n_2})^2}{n_2 - 1}}
   \]
   - Substituting the values:
   \[
   df \approx \frac{\left(\frac{10.41^2}{11} + \frac{9.528^2}{11}\right)^2}{\frac{\left(\frac{10.41^2}{11}\right)^2}{10} + \frac{\left(\frac{9.528^2}{11}\right)^2}{10}} \approx 19.94 \approx 20
   \]

4. **Find the critical value (\(t_{\alpha/2, \, df}\)) for \( \alpha = 0.05 \):**
   - Using the t-distribution table, \( t_{0.025, \, 20} \approx 2.086 \)

5. **Construct the confidence interval (CI):**
   \[
   CI = (\bar{x}_1 - \bar{x}_2) \pm t_{\alpha/2, \, df} \times SE
   \]
   - Substituting the values:
   \[
   CI = (90.545 - 89.912) \pm 2.086 \times 4.31
   \]
   \[
   CI = 0.633 \pm 8.985
   \]
   \[
   CI = [-8.352, 9.618]
   \]

### Conclusion
The confidence interval for the difference in means (\(\mu_1 - \mu_2\)) at the 0.05 significance level is approximately \([-8.352, 9.618]\). This interval includes 0, which suggests that there is insufficient evidence at the 0.05 significance level to claim that the mean IQ score for the medium lead level group is higher than that for the high lead level group.
2026-03-18 15:42:28,617 - DEBUG    - [processor.py:237]processor.extract_answer_step_by_step_solution - answer: The confidence interval is \\([-8.352, 9.618]\\).
2026-03-18 15:42:28,617 - DEBUG    - [processor.py:238]processor.extract_answer_step_by_step_solution - step_by_step_solution: The step-by-step solution.

We need to test the claim that the mean IQ scores for subjects with medium lead levels is higher than the mean for subjects with high lead levels, and we will calculate the confidence interval for the difference in mean IQ scores. To do this, we will use a two-sample t-test for independent samples.

### Given Data
- IQ scores for medium lead level group: \\(72, 89, 92, 85, 89, 97, 83, 92, 95, 111, 91\\)
- For high lead level group: \\(n_2 = 11, \bar{x}_2 = 89.912, s_2 = 9.528\\)

### Steps to Solve the Problem

1. **Compute the sample mean (\\(\bar{x}_1\\)) and sample standard deviation (\\(s_1\\)) for the medium lead level group:**
   - Sample mean (\\(\bar{x}_1\\)) can be calculated as:
   \\[\bar{x}_1 = \frac{1}{n_1} \sum_{i=1}^{n_1} x_i\\]
   - Substituting the given values:
   \\[\bar{x}_1 = \frac{72 + 89 + 92 + 85 + 89 + 97 + 83 + 92 + 95 + 111 + 91}{11} = \frac{996}{11} = 90.545\\]
   
   - Sample standard deviation (\\(s_1\\)) can be calculated as:
   \\[s_1 = \sqrt{\frac{1}{n_1 - 1} \sum_{i=1}^{n_1} (x_i - \bar{x}_1)^2}\\]
   - Substituting the values:
   \\[s_1 = \sqrt{\frac{1}{10} \sum_{i=1}^{11} (x_i - 90.545)^2} \approx 10.41\\]

2. **Compute the standard error (SE) for the difference of means:**
   \\[SE = \sqrt{\frac{s_1^2}{n_1} + \frac{s_2^2}{n_2}}\\]
   - Substituting the given and calculated values:
   \\[SE = \sqrt{\frac{10.41^2}{11} + \frac{9.528^2}{11}} \approx 4.31\\]

3. **Determine the degrees of freedom (df):**
   - Using the formula:
   \\[df \approx \frac{\left(\frac{s_1^2}{n_1} + \frac{s_2^2}{n_2}\right)^2}{\frac{(\frac{s_1^2}{n_1})^2}{n_1 - 1} + \frac{(\frac{s_2^2}{n_2})^2}{n_2 - 1}}\\]
   - Substituting the values:
   \\[df \approx \frac{\left(\frac{10.41^2}{11} + \frac{9.528^2}{11}\right)^2}{\frac{\left(\frac{10.41^2}{11}\right)^2}{10} + \frac{\left(\frac{9.528^2}{11}\right)^2}{10}} \approx 19.94 \approx 20\\]

4. **Find the critical value (\\(t_{\alpha/2, \, df}\\)) for \\(\alpha = 0.05\\):**
   - Using the t-distribution table, \\(t_{0.025, \, 20} \approx 2.086\\)

5. **Construct the confidence interval (CI):**
   \\[CI = (\bar{x}_1 - \bar{x}_2) \pm t_{\alpha/2, \, df} \times SE\\]
   - Substituting the values:
   \\[CI = (90.545 - 89.912) \pm 2.086 \times 4.31\\]
   \\[CI = 0.633 \pm 8.985\\]
   \\[CI = [-8.352, 9.618]\\]

### Conclusion
The confidence interval for the difference in means (\\(\mu_1 - \mu_2\\)) at the 0.05 significance level is approximately \\([-8.352, 9.618]\\). This interval includes 0, which suggests that there is insufficient evidence at the 0.05 significance level to claim that the mean IQ score for the medium lead level group is higher than that for the high lead level group.
